<?xml version="1.0"?>
<suiteResults>
  <FitNesseVersion>v20221219</FitNesseVersion>
  <rootPath>FitNesseForAppian.Examples.Pre-Sale-Notices_Suite.1_Happy-Path_Suite</rootPath>
  <pageHistoryReference>
    <name>FitNesseForAppian.Examples.Pre-Sale-Notices_Suite.1_Happy-Path_Suite.A_Raising-Request</name>
    <date>2023-06-12T14:57:44+05:30</date>
    <pageHistoryLink>FitNesseForAppian.Examples.Pre-Sale-Notices_Suite.1_Happy-Path_Suite.A_Raising-Request?pageHistory&amp;resultDate=20230612145744</pageHistoryLink>
    <counts>
      <right>0</right>
      <wrong>0</wrong>
      <ignores>0</ignores>
      <exceptions>1</exceptions>
    </counts>
    <runTimeInMillis>353916</runTimeInMillis>
  </pageHistoryReference>
  <pageHistoryReference>
    <name>FitNesseForAppian.Examples.Pre-Sale-Notices_Suite.1_Happy-Path_Suite.B_Review_Pre-Sale-Notice</name>
    <date>2023-06-12T15:03:38+05:30</date>
    <pageHistoryLink>FitNesseForAppian.Examples.Pre-Sale-Notices_Suite.1_Happy-Path_Suite.B_Review_Pre-Sale-Notice?pageHistory&amp;resultDate=20230612150338</pageHistoryLink>
    <counts>
      <right>0</right>
      <wrong>0</wrong>
      <ignores>0</ignores>
      <exceptions>0</exceptions>
    </counts>
    <runTimeInMillis>83231</runTimeInMillis>
  </pageHistoryReference>
  <pageHistoryReference>
    <name>FitNesseForAppian.Examples.Pre-Sale-Notices_Suite.1_Happy-Path_Suite.C_Approve_Pre-Sale-Notice</name>
    <date>2023-06-12T15:05:02+05:30</date>
    <pageHistoryLink>FitNesseForAppian.Examples.Pre-Sale-Notices_Suite.1_Happy-Path_Suite.C_Approve_Pre-Sale-Notice?pageHistory&amp;resultDate=20230612150502</pageHistoryLink>
    <counts>
      <right>0</right>
      <wrong>0</wrong>
      <ignores>0</ignores>
      <exceptions>0</exceptions>
    </counts>
    <runTimeInMillis>130142</runTimeInMillis>
  </pageHistoryReference>
  <pageHistoryReference>
    <name>FitNesseForAppian.Examples.Pre-Sale-Notices_Suite.1_Happy-Path_Suite.D_ThirdPartyReview</name>
    <date>2023-06-12T15:07:12+05:30</date>
    <pageHistoryLink>FitNesseForAppian.Examples.Pre-Sale-Notices_Suite.1_Happy-Path_Suite.D_ThirdPartyReview?pageHistory&amp;resultDate=20230612150712</pageHistoryLink>
    <counts>
      <right>0</right>
      <wrong>0</wrong>
      <ignores>0</ignores>
      <exceptions>0</exceptions>
    </counts>
    <runTimeInMillis>167136</runTimeInMillis>
  </pageHistoryReference>
  <executionLog>
    <testSystem>slim:fitnesse.slim.SlimService</testSystem>
    <command>java -Dlog4j.configuration=file:///C:\FitnesseForAppian/log4j.properties -cp C:\FitnesseForAppian\lib\accessors-smart-2.4.9.jar;C:\FitnesseForAppian\lib\asm-9.3.jar;C:\FitnesseForAppian\lib\async-http-client-2.12.3.jar;C:\FitnesseForAppian\lib\async-http-client-netty-utils-2.12.3.jar;C:\FitnesseForAppian\lib\auto-common-1.2.jar;C:\FitnesseForAppian\lib\auto-service-1.0.1.jar;C:\FitnesseForAppian\lib\auto-service-annotations-1.0.1.jar;C:\FitnesseForAppian\lib\byte-buddy-1.14.2.jar;C:\FitnesseForAppian\lib\checker-qual-3.12.0.jar;C:\FitnesseForAppian\lib\commons-codec-1.15.jar;C:\FitnesseForAppian\lib\commons-exec-1.3.jar;C:\FitnesseForAppian\lib\commons-io-2.11.0.jar;C:\FitnesseForAppian\lib\commons-lang3-3.12.0.jar;C:\FitnesseForAppian\lib\commons-text-1.10.0.jar;C:\FitnesseForAppian\lib\diffutils-1.3.0.jar;C:\FitnesseForAppian\lib\error_prone_annotations-2.11.0.jar;C:\FitnesseForAppian\lib\failsafe-3.3.1.jar;C:\FitnesseForAppian\lib\failureaccess-1.0.1.jar;C:\FitnesseForAppian\lib\fitnesse-20221219-standalone.jar;C:\FitnesseForAppian\lib\google-analytics-java-2.0.0.jar;C:\FitnesseForAppian\lib\gson-2.10.1.jar;C:\FitnesseForAppian\lib\guava-31.1-jre.jar;C:\FitnesseForAppian\lib\htmllexer-2.1.jar;C:\FitnesseForAppian\lib\htmlparser-2.1.jar;C:\FitnesseForAppian\lib\httpclient-4.5.13.jar;C:\FitnesseForAppian\lib\httpcore-4.4.13.jar;C:\FitnesseForAppian\lib\j2objc-annotations-1.3.jar;C:\FitnesseForAppian\lib\jackson-annotations-2.14.2.jar;C:\FitnesseForAppian\lib\jackson-core-2.14.2.jar;C:\FitnesseForAppian\lib\jackson-databind-2.14.2.jar;C:\FitnesseForAppian\lib\jakarta.activation-1.2.2.jar;C:\FitnesseForAppian\lib\jcl-over-slf4j-1.7.25.jar;C:\FitnesseForAppian\lib\jcommander-1.82.jar;C:\FitnesseForAppian\lib\json-20230227.jar;C:\FitnesseForAppian\lib\json-path-2.8.0.jar;C:\FitnesseForAppian\lib\json-smart-2.4.10.jar;C:\FitnesseForAppian\lib\jsr305-3.0.2.jar;C:\FitnesseForAppian\lib\jtoml-2.0.0.jar;C:\FitnesseForAppian\lib\listenablefuture-9999.0-empty-to-avoid-conflict-with-guava.jar;C:\FitnesseForAppian\lib\log4j-api-2.20.0.jar;C:\FitnesseForAppian\lib\log4j-core-2.20.0.jar;C:\FitnesseForAppian\lib\netty-buffer-4.1.90.Final.jar;C:\FitnesseForAppian\lib\netty-codec-4.1.90.Final.jar;C:\FitnesseForAppian\lib\netty-codec-http-4.1.90.Final.jar;C:\FitnesseForAppian\lib\netty-codec-socks-4.1.90.Final.jar;C:\FitnesseForAppian\lib\netty-common-4.1.90.Final.jar;C:\FitnesseForAppian\lib\netty-handler-4.1.90.Final.jar;C:\FitnesseForAppian\lib\netty-handler-proxy-4.1.90.Final.jar;C:\FitnesseForAppian\lib\netty-reactive-streams-2.0.4.jar;C:\FitnesseForAppian\lib\netty-resolver-4.1.90.Final.jar;C:\FitnesseForAppian\lib\netty-transport-4.1.90.Final.jar;C:\FitnesseForAppian\lib\netty-transport-classes-epoll-4.1.90.Final.jar;C:\FitnesseForAppian\lib\netty-transport-classes-kqueue-4.1.90.Final.jar;C:\FitnesseForAppian\lib\netty-transport-native-epoll-4.1.90.Final-linux-x86_64.jar;C:\FitnesseForAppian\lib\netty-transport-native-epoll-4.1.90.Final.jar;C:\FitnesseForAppian\lib\netty-transport-native-kqueue-4.1.90.Final-osx-x86_64.jar;C:\FitnesseForAppian\lib\netty-transport-native-kqueue-4.1.90.Final.jar;C:\FitnesseForAppian\lib\netty-transport-native-unix-common-4.1.90.Final.jar;C:\FitnesseForAppian\lib\opentelemetry-api-1.24.0.jar;C:\FitnesseForAppian\lib\opentelemetry-api-events-1.24.0-alpha.jar;C:\FitnesseForAppian\lib\opentelemetry-api-logs-1.24.0-alpha.jar;C:\FitnesseForAppian\lib\opentelemetry-context-1.24.0.jar;C:\FitnesseForAppian\lib\opentelemetry-exporter-logging-1.24.0.jar;C:\FitnesseForAppian\lib\opentelemetry-sdk-1.24.0.jar;C:\FitnesseForAppian\lib\opentelemetry-sdk-common-1.24.0.jar;C:\FitnesseForAppian\lib\opentelemetry-sdk-extension-autoconfigure-1.24.0-alpha.jar;C:\FitnesseForAppian\lib\opentelemetry-sdk-extension-autoconfigure-spi-1.24.0.jar;C:\FitnesseForAppian\lib\opentelemetry-sdk-logs-1.24.0-alpha.jar;C:\FitnesseForAppian\lib\opentelemetry-sdk-metrics-1.24.0.jar;C:\FitnesseForAppian\lib\opentelemetry-sdk-trace-1.24.0.jar;C:\FitnesseForAppian\lib\opentelemetry-semconv-1.24.0-alpha.jar;C:\FitnesseForAppian\lib\reactive-streams-1.0.3.jar;C:\FitnesseForAppian\lib\selenium-api-4.8.2.jar;C:\FitnesseForAppian\lib\selenium-chrome-driver-4.8.2.jar;C:\FitnesseForAppian\lib\selenium-chromium-driver-4.8.2.jar;C:\FitnesseForAppian\lib\selenium-devtools-v109-4.8.2.jar;C:\FitnesseForAppian\lib\selenium-devtools-v110-4.8.2.jar;C:\FitnesseForAppian\lib\selenium-devtools-v111-4.8.2.jar;C:\FitnesseForAppian\lib\selenium-devtools-v85-4.8.2.jar;C:\FitnesseForAppian\lib\selenium-edge-driver-4.8.2.jar;C:\FitnesseForAppian\lib\selenium-firefox-driver-4.8.2.jar;C:\FitnesseForAppian\lib\selenium-http-4.8.2.jar;C:\FitnesseForAppian\lib\selenium-ie-driver-4.8.2.jar;C:\FitnesseForAppian\lib\selenium-java-4.8.2.jar;C:\FitnesseForAppian\lib\selenium-json-4.8.2.jar;C:\FitnesseForAppian\lib\selenium-manager-4.8.2.jar;C:\FitnesseForAppian\lib\selenium-remote-driver-4.8.2.jar;C:\FitnesseForAppian\lib\selenium-safari-driver-4.8.2.jar;C:\FitnesseForAppian\lib\selenium-support-4.8.2.jar;C:\FitnesseForAppian\lib\slf4j-api-1.7.36.jar;C:\FitnesseForAppian\lib\slf4j-jdk14-1.7.36.jar;C:\FitnesseForAppian\lib\velocity-engine-core-2.3.jar;C:\FitnesseForAppian\lib\appian\appian-selenium-api-23.2.jar;C:\FitnesseForAppian\lib\fitnesse-20221219-standalone.jar fitnesse.slim.SlimService 1</command>
    <exitCode>1</exitCode>
    <stdOut>15:00:31.756 [main] ERROR com.appiancorp.ps.automatedtest.exception.ExceptionBuilder - Click Button - Yes
com.appiancorp.ps.automatedtest.exception.WaitForProgressBarTestException: org.openqa.selenium.TimeoutException: Expected condition failed: waiting for condition to not be valid: presence of any elements located by By.xpath: //div[@id='appian-working-indicator-hidden'] (tried for 10 second(s) with 500 milliseconds interval)
Build info: version: '4.8.2', revision: '826dbfc730'
System info: os.name: 'Windows 10', os.arch: 'amd64', os.version: '10.0', java.version: '1.8.0_202'
Driver info: org.openqa.selenium.chrome.ChromeDriver
Capabilities {acceptInsecureCerts: false, browserName: chrome, browserVersion: 113.0.5672.127, chrome: {chromedriverVersion: 113.0.5672.63 (0e1a4471d5ae..., userDataDir: C:\Users\u429130\AppData\Lo...}, goog:chromeOptions: {debuggerAddress: localhost:51361}, networkConnectionEnabled: false, pageLoadStrategy: normal, platformName: WINDOWS, proxy: Proxy(), se:cdp: ws://localhost:51361/devtoo..., se:cdpVersion: 113.0.5672.127, setWindowRect: true, strictFileInteractability: false, timeouts: {implicit: 0, pageLoad: 300000, script: 30000}, unhandledPromptBehavior: dismiss and notify, webauthn:extension:credBlob: true, webauthn:extension:largeBlob: true, webauthn:extension:minPinLength: true, webauthn:extension:prf: true, webauthn:virtualAuthenticators: true}
Session ID: 76414ed2d5882590a6a68fb510cd8e14
	at com.appiancorp.ps.automatedtest.common.AppianObject.waitForProgressBar(AppianObject.java:353) ~[appian-selenium-api-23.2.jar:?]
	at com.appiancorp.ps.automatedtest.common.AppianObject.unfocus(AppianObject.java:394) ~[appian-selenium-api-23.2.jar:?]
	at com.appiancorp.ps.automatedtest.common.AppianObject.unfocus(AppianObject.java:383) ~[appian-selenium-api-23.2.jar:?]
	at com.appiancorp.ps.automatedtest.common.AppianObject.clickElement(AppianObject.java:369) ~[appian-selenium-api-23.2.jar:?]
	at com.appiancorp.ps.automatedtest.tempo.interfaces.TempoButton.click(TempoButton.java:109) [appian-selenium-api-23.2.jar:?]
	at com.appiancorp.ps.automatedtest.fixture.TempoFixture.clickOnButton(TempoFixture.java:2450) [appian-selenium-api-23.2.jar:?]
	at sun.reflect.NativeMethodAccessorImpl.invoke0(Native Method) ~[?:1.8.0_202]
	at sun.reflect.NativeMethodAccessorImpl.invoke(Unknown Source) ~[?:1.8.0_202]
	at sun.reflect.DelegatingMethodAccessorImpl.invoke(Unknown Source) ~[?:1.8.0_202]
	at java.lang.reflect.Method.invoke(Unknown Source) ~[?:1.8.0_202]
	at fitnesse.slim.fixtureInteraction.SimpleInteraction.methodInvoke(SimpleInteraction.java:322) [fitnesse-20221219-standalone.jar:20221219]
	at fitnesse.slim.fixtureInteraction.SimpleInteraction.callMethod(SimpleInteraction.java:307) [fitnesse-20221219-standalone.jar:20221219]
	at fitnesse.slim.fixtureInteraction.SimpleInteraction.invokeMethod(SimpleInteraction.java:290) [fitnesse-20221219-standalone.jar:20221219]
	at fitnesse.slim.fixtureInteraction.SimpleInteraction.findAndInvoke(SimpleInteraction.java:217) [fitnesse-20221219-standalone.jar:20221219]
	at fitnesse.slim.MethodExecutor.findAndInvoke(MethodExecutor.java:18) [fitnesse-20221219-standalone.jar:20221219]
	at fitnesse.slim.FixtureMethodExecutor.execute(FixtureMethodExecutor.java:18) [fitnesse-20221219-standalone.jar:20221219]
	at fitnesse.slim.StatementExecutor.getMethodExecutionResult(StatementExecutor.java:139) [fitnesse-20221219-standalone.jar:20221219]
	at fitnesse.slim.StatementExecutor.call(StatementExecutor.java:112) [fitnesse-20221219-standalone.jar:20221219]
	at fitnesse.slim.instructions.CallAndOptionalAssignInstruction.executeInternal(CallAndOptionalAssignInstruction.java:30) [fitnesse-20221219-standalone.jar:20221219]
	at fitnesse.slim.instructions.Instruction.execute(Instruction.java:29) [fitnesse-20221219-standalone.jar:20221219]
	at fitnesse.slim.ListExecutor$Executive.executeStatement(ListExecutor.java:49) [fitnesse-20221219-standalone.jar:20221219]
	at fitnesse.slim.ListExecutor$Executive.executeStatements(ListExecutor.java:43) [fitnesse-20221219-standalone.jar:20221219]
	at fitnesse.slim.ListExecutor.execute(ListExecutor.java:85) [fitnesse-20221219-standalone.jar:20221219]
	at fitnesse.slim.SlimServer.executeInstructions(SlimServer.java:84) [fitnesse-20221219-standalone.jar:20221219]
	at fitnesse.slim.SlimServer.processOneSetOfInstructions(SlimServer.java:77) [fitnesse-20221219-standalone.jar:20221219]
	at fitnesse.slim.SlimServer.tryProcessInstructions(SlimServer.java:64) [fitnesse-20221219-standalone.jar:20221219]
	at fitnesse.slim.SlimServer.serve(SlimServer.java:49) [fitnesse-20221219-standalone.jar:20221219]
	at fitnesse.slim.SlimService.handle(SlimService.java:169) [fitnesse-20221219-standalone.jar:20221219]
	at fitnesse.slim.SlimService.acceptOne(SlimService.java:177) [fitnesse-20221219-standalone.jar:20221219]
	at fitnesse.slim.SlimService.accept(SlimService.java:139) [fitnesse-20221219-standalone.jar:20221219]
	at fitnesse.slim.SlimService.startWithFactory(SlimService.java:92) [fitnesse-20221219-standalone.jar:20221219]
	at fitnesse.slim.SlimService.main(SlimService.java:57) [fitnesse-20221219-standalone.jar:20221219]
Caused by: org.openqa.selenium.TimeoutException: Expected condition failed: waiting for condition to not be valid: presence of any elements located by By.xpath: //div[@id='appian-working-indicator-hidden'] (tried for 10 second(s) with 500 milliseconds interval)
Build info: version: '4.8.2', revision: '826dbfc730'
System info: os.name: 'Windows 10', os.arch: 'amd64', os.version: '10.0', java.version: '1.8.0_202'
Driver info: org.openqa.selenium.chrome.ChromeDriver
Capabilities {acceptInsecureCerts: false, browserName: chrome, browserVersion: 113.0.5672.127, chrome: {chromedriverVersion: 113.0.5672.63 (0e1a4471d5ae..., userDataDir: C:\Users\u429130\AppData\Lo...}, goog:chromeOptions: {debuggerAddress: localhost:51361}, networkConnectionEnabled: false, pageLoadStrategy: normal, platformName: WINDOWS, proxy: Proxy(), se:cdp: ws://localhost:51361/devtoo..., se:cdpVersion: 113.0.5672.127, setWindowRect: true, strictFileInteractability: false, timeouts: {implicit: 0, pageLoad: 300000, script: 30000}, unhandledPromptBehavior: dismiss and notify, webauthn:extension:credBlob: true, webauthn:extension:largeBlob: true, webauthn:extension:minPinLength: true, webauthn:extension:prf: true, webauthn:virtualAuthenticators: true}
Session ID: 76414ed2d5882590a6a68fb510cd8e14
	at org.openqa.selenium.support.ui.WebDriverWait.timeoutException(WebDriverWait.java:87) ~[selenium-support-4.8.2.jar:?]
	at org.openqa.selenium.support.ui.FluentWait.until(FluentWait.java:231) ~[selenium-support-4.8.2.jar:?]
	at com.appiancorp.ps.automatedtest.common.AppianObject.waitForProgressBar(AppianObject.java:346) ~[appian-selenium-api-23.2.jar:?]
	... 31 more

</stdOut>
    <stdErr>ERROR StatusLogger Reconfiguration failed: No configuration found for '1d44bcfa' at 'null' in 'null'
SLF4J: Class path contains multiple SLF4J bindings.
SLF4J: Found binding in [jar:file:/C:/FitnesseForAppian/lib/fitnesse-20221219-standalone.jar!/org/slf4j/impl/StaticLoggerBinder.class]
SLF4J: Found binding in [jar:file:/C:/FitnesseForAppian/lib/slf4j-jdk14-1.7.36.jar!/org/slf4j/impl/StaticLoggerBinder.class]
SLF4J: See http://www.slf4j.org/codes.html#multiple_bindings for an explanation.
SLF4J: Actual binding is of type [org.slf4j.impl.JDK14LoggerFactory]
ChromeDriver was started successfully.

Jun 12, 2023 2:58:42 PM org.openqa.selenium.devtools.CdpVersionFinder findNearestMatch
WARNING: Unable to find an exact match for CDP version 113, so returning the closest version found: 111

Jun 12, 2023 2:58:48 PM com.brsanthu.googleanalytics.httpclient.ApacheHttpClientImpl post
WARNING: Exception while sending the Google Analytics tracker request com.brsanthu.googleanalytics.httpclient.HttpRequest@7181469d
javax.net.ssl.SSLHandshakeException: Remote host closed connection during handshake
	at sun.security.ssl.SSLSocketImpl.readRecord(Unknown Source)
	at sun.security.ssl.SSLSocketImpl.performInitialHandshake(Unknown Source)
	at sun.security.ssl.SSLSocketImpl.startHandshake(Unknown Source)
	at sun.security.ssl.SSLSocketImpl.startHandshake(Unknown Source)
	at org.apache.http.conn.ssl.SSLConnectionSocketFactory.createLayeredSocket(SSLConnectionSocketFactory.java:436)
	at org.apache.http.conn.ssl.SSLConnectionSocketFactory.connectSocket(SSLConnectionSocketFactory.java:384)
	at org.apache.http.impl.conn.DefaultHttpClientConnectionOperator.connect(DefaultHttpClientConnectionOperator.java:142)
	at org.apache.http.impl.conn.PoolingHttpClientConnectionManager.connect(PoolingHttpClientConnectionManager.java:376)
	at org.apache.http.impl.execchain.MainClientExec.establishRoute(MainClientExec.java:393)
	at org.apache.http.impl.execchain.MainClientExec.execute(MainClientExec.java:236)
	at org.apache.http.impl.execchain.ProtocolExec.execute(ProtocolExec.java:186)
	at org.apache.http.impl.execchain.RetryExec.execute(RetryExec.java:89)
	at org.apache.http.impl.execchain.RedirectExec.execute(RedirectExec.java:110)
	at org.apache.http.impl.client.InternalHttpClient.doExecute(InternalHttpClient.java:185)
	at org.apache.http.impl.client.CloseableHttpClient.execute(CloseableHttpClient.java:83)
	at org.apache.http.impl.client.CloseableHttpClient.execute(CloseableHttpClient.java:108)
	at com.brsanthu.googleanalytics.httpclient.ApacheHttpClientImpl.execute(ApacheHttpClientImpl.java:86)
	at com.brsanthu.googleanalytics.httpclient.ApacheHttpClientImpl.post(ApacheHttpClientImpl.java:102)
	at com.brsanthu.googleanalytics.internal.GoogleAnalyticsImpl.postSingle(GoogleAnalyticsImpl.java:165)
	at com.brsanthu.googleanalytics.internal.GoogleAnalyticsImpl.post(GoogleAnalyticsImpl.java:105)
	at com.brsanthu.googleanalytics.internal.GoogleAnalyticsImpl.lambda$postAsync$0(GoogleAnalyticsImpl.java:91)
	at java.util.concurrent.FutureTask.run(Unknown Source)
	at java.util.concurrent.ThreadPoolExecutor.runWorker(Unknown Source)
	at java.util.concurrent.ThreadPoolExecutor$Worker.run(Unknown Source)
	at java.lang.Thread.run(Unknown Source)
Caused by: java.io.EOFException: SSL peer shut down incorrectly
	at sun.security.ssl.InputRecord.read(Unknown Source)
	... 25 more


Jun 12, 2023 2:58:48 PM com.brsanthu.googleanalytics.internal.GoogleAnalyticsImpl post
WARNING: Exception while sending the Google Analytics tracker request Request [parms={EVENT_LABEL=FitNesse for Appian usage, EVENT_CATEGORY=fitnesse-for-appian, TRACKING_ID=UA-118652049-6, USER_LANGUAGE=en-IN, EVENT_ACTION=Execute FitNesse for Appian test, HIT_TYPE=event, CLIENT_ID=03216262-fa9b-4fa4-ad77-17cf7aeffbb1, DOCUMENT_ENCODING=Cp1252, PROTOCOL_VERSION=1, USER_ID=e28bfdf43b36e80934e6350a1d28840b544b080602e0dc4c5b8effaa0f4efc3e}, customDimensions={cd2=Standalone, cd1=e28bfdf43b36e80934e6350a1d28840b544b080602e0dc4c5b8effaa0f4efc3e}, customMetrics={}]
java.lang.NullPointerException
	at com.brsanthu.googleanalytics.httpclient.ApacheHttpClientImpl.post(ApacheHttpClientImpl.java:113)
	at com.brsanthu.googleanalytics.internal.GoogleAnalyticsImpl.postSingle(GoogleAnalyticsImpl.java:165)
	at com.brsanthu.googleanalytics.internal.GoogleAnalyticsImpl.post(GoogleAnalyticsImpl.java:105)
	at com.brsanthu.googleanalytics.internal.GoogleAnalyticsImpl.lambda$postAsync$0(GoogleAnalyticsImpl.java:91)
	at java.util.concurrent.FutureTask.run(Unknown Source)
	at java.util.concurrent.ThreadPoolExecutor.runWorker(Unknown Source)
	at java.util.concurrent.ThreadPoolExecutor$Worker.run(Unknown Source)
	at java.lang.Thread.run(Unknown Source)


Jun 12, 2023 2:59:00 PM org.apache.http.impl.execchain.RetryExec execute
INFO: I/O exception (java.net.SocketException) caught when processing request to {s}-&gt;https://www.google-analytics.com:443: Software caused connection abort: socket write error

Jun 12, 2023 2:59:00 PM org.apache.http.impl.execchain.RetryExec execute
INFO: Retrying request to {s}-&gt;https://www.google-analytics.com:443

Jun 12, 2023 2:59:11 PM com.brsanthu.googleanalytics.httpclient.ApacheHttpClientImpl post
WARNING: Exception while sending the Google Analytics tracker request com.brsanthu.googleanalytics.httpclient.HttpRequest@c252095
javax.net.ssl.SSLHandshakeException: Remote host closed connection during handshake
	at sun.security.ssl.SSLSocketImpl.readRecord(Unknown Source)
	at sun.security.ssl.SSLSocketImpl.performInitialHandshake(Unknown Source)
	at sun.security.ssl.SSLSocketImpl.startHandshake(Unknown Source)
	at sun.security.ssl.SSLSocketImpl.startHandshake(Unknown Source)
	at org.apache.http.conn.ssl.SSLConnectionSocketFactory.createLayeredSocket(SSLConnectionSocketFactory.java:436)
	at org.apache.http.conn.ssl.SSLConnectionSocketFactory.connectSocket(SSLConnectionSocketFactory.java:384)
	at org.apache.http.impl.conn.DefaultHttpClientConnectionOperator.connect(DefaultHttpClientConnectionOperator.java:142)
	at org.apache.http.impl.conn.PoolingHttpClientConnectionManager.connect(PoolingHttpClientConnectionManager.java:376)
	at org.apache.http.impl.execchain.MainClientExec.establishRoute(MainClientExec.java:393)
	at org.apache.http.impl.execchain.MainClientExec.execute(MainClientExec.java:236)
	at org.apache.http.impl.execchain.ProtocolExec.execute(ProtocolExec.java:186)
	at org.apache.http.impl.execchain.RetryExec.execute(RetryExec.java:89)
	at org.apache.http.impl.execchain.RedirectExec.execute(RedirectExec.java:110)
	at org.apache.http.impl.client.InternalHttpClient.doExecute(InternalHttpClient.java:185)
	at org.apache.http.impl.client.CloseableHttpClient.execute(CloseableHttpClient.java:83)
	at org.apache.http.impl.client.CloseableHttpClient.execute(CloseableHttpClient.java:108)
	at com.brsanthu.googleanalytics.httpclient.ApacheHttpClientImpl.execute(ApacheHttpClientImpl.java:86)
	at com.brsanthu.googleanalytics.httpclient.ApacheHttpClientImpl.post(ApacheHttpClientImpl.java:102)
	at com.brsanthu.googleanalytics.internal.GoogleAnalyticsImpl.postSingle(GoogleAnalyticsImpl.java:165)
	at com.brsanthu.googleanalytics.internal.GoogleAnalyticsImpl.post(GoogleAnalyticsImpl.java:105)
	at com.brsanthu.googleanalytics.internal.GoogleAnalyticsImpl.lambda$postAsync$0(GoogleAnalyticsImpl.java:91)
	at java.util.concurrent.FutureTask.run(Unknown Source)
	at java.util.concurrent.ThreadPoolExecutor.runWorker(Unknown Source)
	at java.util.concurrent.ThreadPoolExecutor$Worker.run(Unknown Source)
	at java.lang.Thread.run(Unknown Source)
Caused by: java.io.EOFException: SSL peer shut down incorrectly
	at sun.security.ssl.InputRecord.read(Unknown Source)
	... 25 more


Jun 12, 2023 2:59:11 PM com.brsanthu.googleanalytics.internal.GoogleAnalyticsImpl post
WARNING: Exception while sending the Google Analytics tracker request Request [parms={EVENT_LABEL=vuram.com for Appian usage, EVENT_CATEGORY=fitnesse-for-appian, TRACKING_ID=UA-118652049-6, USER_LANGUAGE=en-IN, EVENT_ACTION=Execute FitNesse for Appian test, HIT_TYPE=event, CLIENT_ID=03216262-fa9b-4fa4-ad77-17cf7aeffbb1, DOCUMENT_ENCODING=Cp1252, PROTOCOL_VERSION=1, USER_ID=e28bfdf43b36e80934e6350a1d28840b544b080602e0dc4c5b8effaa0f4efc3e}, customDimensions={cd2=Standalone, cd1=e28bfdf43b36e80934e6350a1d28840b544b080602e0dc4c5b8effaa0f4efc3e}, customMetrics={}]
java.lang.NullPointerException
	at com.brsanthu.googleanalytics.httpclient.ApacheHttpClientImpl.post(ApacheHttpClientImpl.java:113)
	at com.brsanthu.googleanalytics.internal.GoogleAnalyticsImpl.postSingle(GoogleAnalyticsImpl.java:165)
	at com.brsanthu.googleanalytics.internal.GoogleAnalyticsImpl.post(GoogleAnalyticsImpl.java:105)
	at com.brsanthu.googleanalytics.internal.GoogleAnalyticsImpl.lambda$postAsync$0(GoogleAnalyticsImpl.java:91)
	at java.util.concurrent.FutureTask.run(Unknown Source)
	at java.util.concurrent.ThreadPoolExecutor.runWorker(Unknown Source)
	at java.util.concurrent.ThreadPoolExecutor$Worker.run(Unknown Source)
	at java.lang.Thread.run(Unknown Source)


Jun 12, 2023 3:09:59 PM org.openqa.selenium.os.OsProcess destroy
INFO: Unable to drain process streams. Ignoring but the exception being swallowed follows.
org.apache.commons.exec.ExecuteException: The stop timeout of 2000 ms was exceeded (Exit value: -559038737)
	at org.apache.commons.exec.PumpStreamHandler.stopThread(PumpStreamHandler.java:295)
	at org.apache.commons.exec.PumpStreamHandler.stop(PumpStreamHandler.java:181)
	at org.openqa.selenium.os.OsProcess.destroy(OsProcess.java:142)
	at org.openqa.selenium.os.CommandLine.destroy(CommandLine.java:144)
	at org.openqa.selenium.remote.service.DriverService.stop(DriverService.java:290)
	at org.openqa.selenium.remote.service.DriverCommandExecutor.execute(DriverCommandExecutor.java:145)
	at org.openqa.selenium.remote.RemoteWebDriver.execute(RemoteWebDriver.java:543)
	at org.openqa.selenium.remote.RemoteWebDriver.execute(RemoteWebDriver.java:598)
	at org.openqa.selenium.remote.RemoteWebDriver.execute(RemoteWebDriver.java:602)
	at org.openqa.selenium.remote.RemoteWebDriver.quit(RemoteWebDriver.java:445)
	at org.openqa.selenium.chromium.ChromiumDriver.quit(ChromiumDriver.java:279)
	at com.appiancorp.ps.automatedtest.fixture.BaseFixture.tearDown(BaseFixture.java:943)
	at sun.reflect.NativeMethodAccessorImpl.invoke0(Native Method)
	at sun.reflect.NativeMethodAccessorImpl.invoke(Unknown Source)
	at sun.reflect.DelegatingMethodAccessorImpl.invoke(Unknown Source)
	at java.lang.reflect.Method.invoke(Unknown Source)
	at fitnesse.slim.fixtureInteraction.SimpleInteraction.methodInvoke(SimpleInteraction.java:322)
	at fitnesse.slim.fixtureInteraction.SimpleInteraction.callMethod(SimpleInteraction.java:307)
	at fitnesse.slim.fixtureInteraction.SimpleInteraction.invokeMethod(SimpleInteraction.java:290)
	at fitnesse.slim.fixtureInteraction.SimpleInteraction.findAndInvoke(SimpleInteraction.java:217)
	at fitnesse.slim.MethodExecutor.findAndInvoke(MethodExecutor.java:18)
	at fitnesse.slim.FixtureMethodExecutor.execute(FixtureMethodExecutor.java:18)
	at fitnesse.slim.StatementExecutor.getMethodExecutionResult(StatementExecutor.java:139)
	at fitnesse.slim.StatementExecutor.call(StatementExecutor.java:112)
	at fitnesse.slim.instructions.CallAndOptionalAssignInstruction.executeInternal(CallAndOptionalAssignInstruction.java:30)
	at fitnesse.slim.instructions.Instruction.execute(Instruction.java:29)
	at fitnesse.slim.ListExecutor$Executive.executeStatement(ListExecutor.java:49)
	at fitnesse.slim.ListExecutor$Executive.executeStatements(ListExecutor.java:43)
	at fitnesse.slim.ListExecutor.execute(ListExecutor.java:85)
	at fitnesse.slim.SlimServer.executeInstructions(SlimServer.java:84)
	at fitnesse.slim.SlimServer.processOneSetOfInstructions(SlimServer.java:77)
	at fitnesse.slim.SlimServer.tryProcessInstructions(SlimServer.java:64)
	at fitnesse.slim.SlimServer.serve(SlimServer.java:49)
	at fitnesse.slim.SlimService.handle(SlimService.java:169)
	at fitnesse.slim.SlimService.acceptOne(SlimService.java:177)
	at fitnesse.slim.SlimService.accept(SlimService.java:139)
	at fitnesse.slim.SlimService.startWithFactory(SlimService.java:92)
	at fitnesse.slim.SlimService.main(SlimService.java:57)


Jun 12, 2023 3:09:59 PM org.openqa.selenium.os.OsProcess destroy
SEVERE: Unable to kill process java.lang.ProcessImpl@41d20f06

</stdErr>
  </executionLog>
  <finalCounts>
    <right>0</right>
    <wrong>0</wrong>
    <ignores>3</ignores>
    <exceptions>1</exceptions>
  </finalCounts>
  <totalRunTimeInMillis>771674</totalRunTimeInMillis>
</suiteResults>

